2016-05-31 01:26:39 INFO  CommonsLogExample:12 - This is info logging using class org.apache.commons.logging.impl.Log4JLogger
2016-05-31 01:26:39 ERROR CommonsLogExample:14 - This is error logging using class org.apache.commons.logging.impl.Log4JLogger
2016-05-31 01:26:39 FATAL CommonsLogExample:15 - This is fital logging using class org.apache.commons.logging.impl.Log4JLogger
2016-05-31 01:26:39 WARN  CommonsLogExample:16 - This is warn logging using class org.apache.commons.logging.impl.Log4JLogger
2016-05-31 01:27:44 INFO  CommonsLogExample:12 - This is info logging using class org.apache.commons.logging.impl.Log4JLogger
2016-05-31 01:27:44 ERROR CommonsLogExample:14 - This is error logging using class org.apache.commons.logging.impl.Log4JLogger
2016-05-31 01:27:44 FATAL CommonsLogExample:15 - This is fital logging using class org.apache.commons.logging.impl.Log4JLogger
2016-05-31 01:27:44 WARN  CommonsLogExample:16 - This is warn logging using class org.apache.commons.logging.impl.Log4JLogger
2016-05-31 01:36:47 INFO  Log4jExample:13 - This is info logging using class org.apache.log4j.Logger
2016-05-31 01:36:47 ERROR Log4jExample:15 - This is error logging using class org.apache.log4j.Logger
2016-05-31 01:36:47 FATAL Log4jExample:16 - This is fital logging using class org.apache.log4j.Logger
2016-05-31 01:36:47 WARN  Log4jExample:17 - This is warn logging using class org.apache.log4j.Logger
2016-05-31 01:57:26 INFO  XSlf4jExample:12 - This is info logging using class org.slf4j.ext.XLogger
2016-05-31 01:57:26 ERROR XSlf4jExample:14 - This is error logging using class org.slf4j.ext.XLogger
2016-05-31 01:57:26 WARN  XSlf4jExample:15 - This is warn logging using class org.slf4j.ext.XLogger
2016-05-31 02:00:26 INFO  XSlf4jExample:12 - This is info logging using class org.slf4j.ext.XLogger
2016-05-31 02:00:26 ERROR XSlf4jExample:14 - This is error logging using class org.slf4j.ext.XLogger
2016-05-31 02:00:26 WARN  XSlf4jExample:15 - This is warn logging using class org.slf4j.ext.XLogger
2016-05-31 02:03:03 INFO  Slf4jExample:18 - This is info logging using class org.slf4j.impl.Log4jLoggerAdapter
2016-05-31 02:03:03 ERROR Slf4jExample:20 - This is error logging using class org.slf4j.impl.Log4jLoggerAdapter
2016-05-31 02:03:03 WARN  Slf4jExample:22 - This is warn logging using class org.slf4j.impl.Log4jLoggerAdapter
2016-05-31 02:03:16 INFO  Slf4jExample:18 - This is info logging using class org.slf4j.impl.Log4jLoggerAdapter
2016-05-31 02:03:16 ERROR Slf4jExample:20 - This is error logging using class org.slf4j.impl.Log4jLoggerAdapter
2016-05-31 02:03:16 WARN  Slf4jExample:22 - This is warn logging using class org.slf4j.impl.Log4jLoggerAdapter
2016-05-31 02:03:44 INFO  Slf4jExample:18 - This is info logging using class org.slf4j.impl.Log4jLoggerAdapter
2016-05-31 02:03:44 ERROR Slf4jExample:20 - This is error logging using class org.slf4j.impl.Log4jLoggerAdapter
2016-05-31 02:03:44 WARN  Slf4jExample:22 - This is warn logging using class org.slf4j.impl.Log4jLoggerAdapter
2016-05-31 02:03:54 INFO  XSlf4jExample:13 - This is info logging using class org.slf4j.ext.XLogger
2016-05-31 02:03:54 ERROR XSlf4jExample:15 - This is error logging using class org.slf4j.ext.XLogger
2016-05-31 02:03:54 WARN  XSlf4jExample:16 - This is warn logging using class org.slf4j.ext.XLogger
2016-05-31 02:03:54 INFO  Slf4jExample:18 - This is info logging using class org.slf4j.impl.Log4jLoggerAdapter
2016-05-31 02:03:54 ERROR Slf4jExample:20 - This is error logging using class org.slf4j.impl.Log4jLoggerAdapter
2016-05-31 02:03:54 WARN  Slf4jExample:22 - This is warn logging using class org.slf4j.impl.Log4jLoggerAdapter
2016-05-31 02:04:01 INFO  CommonsLogExample:12 - This is info logging using class org.apache.commons.logging.impl.Log4JLogger
2016-05-31 02:04:01 ERROR CommonsLogExample:14 - This is error logging using class org.apache.commons.logging.impl.Log4JLogger
2016-05-31 02:04:01 FATAL CommonsLogExample:15 - This is fatal logging using class org.apache.commons.logging.impl.Log4JLogger
2016-05-31 02:04:01 WARN  CommonsLogExample:16 - This is warn logging using class org.apache.commons.logging.impl.Log4JLogger
2016-05-31 02:04:01 INFO  XSlf4jExample:13 - This is info logging using class org.slf4j.ext.XLogger
2016-05-31 02:04:01 ERROR XSlf4jExample:15 - This is error logging using class org.slf4j.ext.XLogger
2016-05-31 02:04:01 WARN  XSlf4jExample:16 - This is warn logging using class org.slf4j.ext.XLogger
2016-05-31 02:04:01 INFO  Slf4jExample:18 - This is info logging using class org.slf4j.impl.Log4jLoggerAdapter
2016-05-31 02:04:01 ERROR Slf4jExample:20 - This is error logging using class org.slf4j.impl.Log4jLoggerAdapter
2016-05-31 02:04:01 WARN  Slf4jExample:22 - This is warn logging using class org.slf4j.impl.Log4jLoggerAdapter
2016-05-31 02:04:07 INFO  CommonsLogExample:12 - This is info logging using class org.apache.commons.logging.impl.Log4JLogger
2016-05-31 02:04:07 ERROR CommonsLogExample:14 - This is error logging using class org.apache.commons.logging.impl.Log4JLogger
2016-05-31 02:04:07 FATAL CommonsLogExample:15 - This is fatal logging using class org.apache.commons.logging.impl.Log4JLogger
2016-05-31 02:04:07 WARN  CommonsLogExample:16 - This is warn logging using class org.apache.commons.logging.impl.Log4JLogger
2016-05-31 02:04:07 INFO  XSlf4jExample:13 - This is info logging using class org.slf4j.ext.XLogger
2016-05-31 02:04:07 ERROR XSlf4jExample:15 - This is error logging using class org.slf4j.ext.XLogger
2016-05-31 02:04:07 WARN  XSlf4jExample:16 - This is warn logging using class org.slf4j.ext.XLogger
2016-05-31 02:04:07 INFO  Slf4jExample:18 - This is info logging using class org.slf4j.impl.Log4jLoggerAdapter
2016-05-31 02:04:07 ERROR Slf4jExample:20 - This is error logging using class org.slf4j.impl.Log4jLoggerAdapter
2016-05-31 02:04:07 WARN  Slf4jExample:22 - This is warn logging using class org.slf4j.impl.Log4jLoggerAdapter
2016-05-31 02:04:14 INFO  CommonsLogExample:12 - This is info logging using class org.apache.commons.logging.impl.Log4JLogger
2016-05-31 02:04:14 ERROR CommonsLogExample:14 - This is error logging using class org.apache.commons.logging.impl.Log4JLogger
2016-05-31 02:04:14 FATAL CommonsLogExample:15 - This is fatal logging using class org.apache.commons.logging.impl.Log4JLogger
2016-05-31 02:04:14 WARN  CommonsLogExample:16 - This is warn logging using class org.apache.commons.logging.impl.Log4JLogger
2016-05-31 02:04:14 INFO  Log4jExample:13 - This is info logging using class org.apache.log4j.Logger
2016-05-31 02:04:14 ERROR Log4jExample:15 - This is error logging using class org.apache.log4j.Logger
2016-05-31 02:04:14 FATAL Log4jExample:16 - This is fatal logging using class org.apache.log4j.Logger
2016-05-31 02:04:14 WARN  Log4jExample:17 - This is warn logging using class org.apache.log4j.Logger
2016-05-31 02:04:14 INFO  XSlf4jExample:13 - This is info logging using class org.slf4j.ext.XLogger
2016-05-31 02:04:14 ERROR XSlf4jExample:15 - This is error logging using class org.slf4j.ext.XLogger
2016-05-31 02:04:14 WARN  XSlf4jExample:16 - This is warn logging using class org.slf4j.ext.XLogger
2016-05-31 02:04:14 INFO  Slf4jExample:18 - This is info logging using class org.slf4j.impl.Log4jLoggerAdapter
2016-05-31 02:04:14 ERROR Slf4jExample:20 - This is error logging using class org.slf4j.impl.Log4jLoggerAdapter
2016-05-31 02:04:14 WARN  Slf4jExample:22 - This is warn logging using class org.slf4j.impl.Log4jLoggerAdapter
2016-05-31 02:04:22 INFO  CommonsLogExample:12 - This is info logging using class org.apache.commons.logging.impl.Log4JLogger
2016-05-31 02:04:22 ERROR CommonsLogExample:14 - This is error logging using class org.apache.commons.logging.impl.Log4JLogger
2016-05-31 02:04:22 FATAL CommonsLogExample:15 - This is fatal logging using class org.apache.commons.logging.impl.Log4JLogger
2016-05-31 02:04:22 WARN  CommonsLogExample:16 - This is warn logging using class org.apache.commons.logging.impl.Log4JLogger
2016-05-31 02:04:22 INFO  Log4jExample:13 - This is info logging using class org.apache.log4j.Logger
2016-05-31 02:04:22 ERROR Log4jExample:15 - This is error logging using class org.apache.log4j.Logger
2016-05-31 02:04:22 FATAL Log4jExample:16 - This is fatal logging using class org.apache.log4j.Logger
2016-05-31 02:04:22 WARN  Log4jExample:17 - This is warn logging using class org.apache.log4j.Logger
2016-05-31 02:04:22 INFO  XSlf4jExample:13 - This is info logging using class org.slf4j.ext.XLogger
2016-05-31 02:04:22 ERROR XSlf4jExample:15 - This is error logging using class org.slf4j.ext.XLogger
2016-05-31 02:04:22 WARN  XSlf4jExample:16 - This is warn logging using class org.slf4j.ext.XLogger
2016-05-31 02:04:22 INFO  Slf4jExample:18 - This is info logging using class org.slf4j.impl.Log4jLoggerAdapter
2016-05-31 02:04:22 ERROR Slf4jExample:20 - This is error logging using class org.slf4j.impl.Log4jLoggerAdapter
2016-05-31 02:04:22 WARN  Slf4jExample:22 - This is warn logging using class org.slf4j.impl.Log4jLoggerAdapter
2016-05-31 02:07:53 INFO  AllLoggers:23 - This is info logging using class org.apache.log4j.Logger
2016-05-31 02:07:53 ERROR AllLoggers:25 - This is error logging using class org.apache.log4j.Logger
2016-05-31 02:07:53 FATAL AllLoggers:26 - This is fatal logging using class org.apache.log4j.Logger
2016-05-31 02:07:53 WARN  AllLoggers:27 - This is warn logging using class org.apache.log4j.Logger
2016-05-31 02:08:31 INFO  AllLoggers:23 - This is info logging using class org.slf4j.impl.Log4jLoggerAdapter
2016-05-31 02:08:31 ERROR AllLoggers:25 - This is error logging using class org.slf4j.impl.Log4jLoggerAdapter
2016-05-31 02:08:31 WARN  AllLoggers:26 - This is warn logging using class org.slf4j.impl.Log4jLoggerAdapter
2016-05-31 02:08:39 INFO  AllLoggers:23 - This is info logging using class org.slf4j.impl.Log4jLoggerAdapter
2016-05-31 02:08:39 ERROR AllLoggers:25 - This is error logging using class org.slf4j.impl.Log4jLoggerAdapter
2016-05-31 02:08:39 WARN  AllLoggers:26 - This is warn logging using class org.slf4j.impl.Log4jLoggerAdapter
2016-05-31 02:08:53 INFO  AllLoggers:23 - This is info logging using class org.slf4j.impl.Log4jLoggerAdapter
2016-05-31 02:08:53 ERROR AllLoggers:25 - This is error logging using class org.slf4j.impl.Log4jLoggerAdapter
2016-05-31 02:08:53 WARN  AllLoggers:26 - This is warn logging using class org.slf4j.impl.Log4jLoggerAdapter
2016-05-31 02:08:59 INFO  AllLoggers:23 - This is info logging using class org.slf4j.impl.Log4jLoggerAdapter
2016-05-31 02:08:59 ERROR AllLoggers:25 - This is error logging using class org.slf4j.impl.Log4jLoggerAdapter
2016-05-31 02:08:59 WARN  AllLoggers:26 - This is warn logging using class org.slf4j.impl.Log4jLoggerAdapter
2016-05-31 02:10:44 INFO  AllLoggers:26 - This is info logging using class org.slf4j.impl.Log4jLoggerAdapter
2016-05-31 02:10:44 ERROR AllLoggers:28 - This is error logging using class org.slf4j.impl.Log4jLoggerAdapter
2016-05-31 02:10:44 WARN  AllLoggers:29 - This is warn logging using class org.slf4j.impl.Log4jLoggerAdapter
2016-05-31 02:10:53 INFO  AllLoggers:26 - This is info logging using class org.slf4j.ext.XLogger
2016-05-31 02:10:53 ERROR AllLoggers:28 - This is error logging using class org.slf4j.ext.XLogger
2016-05-31 02:10:53 WARN  AllLoggers:29 - This is warn logging using class org.slf4j.ext.XLogger
2016-05-31 02:25:10 INFO  Hi:12 - This is info logging using class org.apache.commons.logging.impl.Log4JLogger
2016-05-31 02:25:10 ERROR Hi:14 - This is error logging using class org.apache.commons.logging.impl.Log4JLogger
2016-05-31 02:25:10 FATAL Hi:15 - This is fatal logging using class org.apache.commons.logging.impl.Log4JLogger
2016-05-31 02:25:10 WARN  Hi:16 - This is warn logging using class org.apache.commons.logging.impl.Log4JLogger
2016-05-31 02:27:41 INFO  CommonsLog CommonsLog:12 - This is info logging using class org.apache.commons.logging.impl.Log4JLogger
2016-05-31 02:27:41 ERROR CommonsLog CommonsLog:14 - This is error logging using class org.apache.commons.logging.impl.Log4JLogger
2016-05-31 02:27:41 FATAL CommonsLog CommonsLog:15 - This is fatal logging using class org.apache.commons.logging.impl.Log4JLogger
2016-05-31 02:27:41 WARN  CommonsLog CommonsLog:16 - This is warn logging using class org.apache.commons.logging.impl.Log4JLogger
2016-05-31 02:27:41 INFO  log4j topic:13 - This is info logging using class org.apache.log4j.Logger
2016-05-31 02:27:41 ERROR log4j topic:15 - This is error logging using class org.apache.log4j.Logger
2016-05-31 02:27:41 FATAL log4j topic:16 - This is fatal logging using class org.apache.log4j.Logger
2016-05-31 02:27:41 WARN  log4j topic:17 - This is warn logging using class org.apache.log4j.Logger
2016-05-31 02:27:41 INFO  XSlf4j topic:13 - This is info logging using class org.slf4j.ext.XLogger
2016-05-31 02:27:41 ERROR XSlf4j topic:15 - This is error logging using class org.slf4j.ext.XLogger
2016-05-31 02:27:41 WARN  XSlf4j topic:16 - This is warn logging using class org.slf4j.ext.XLogger
2016-05-31 02:27:41 INFO  Slf4j topic:18 - This is info logging using class org.slf4j.impl.Log4jLoggerAdapter
2016-05-31 02:27:41 ERROR Slf4j topic:20 - This is error logging using class org.slf4j.impl.Log4jLoggerAdapter
2016-05-31 02:27:41 WARN  Slf4j topic:22 - This is warn logging using class org.slf4j.impl.Log4jLoggerAdapter
2016-05-31 02:28:44 INFO  CommonsLog topic:12 - This is info logging using class org.apache.commons.logging.impl.Log4JLogger
2016-05-31 02:28:44 ERROR CommonsLog topic:14 - This is error logging using class org.apache.commons.logging.impl.Log4JLogger
2016-05-31 02:28:44 FATAL CommonsLog topic:15 - This is fatal logging using class org.apache.commons.logging.impl.Log4JLogger
2016-05-31 02:28:44 WARN  CommonsLog topic:16 - This is warn logging using class org.apache.commons.logging.impl.Log4JLogger
2016-05-31 02:28:44 INFO  log4j topic:13 - This is info logging using class org.apache.log4j.Logger
2016-05-31 02:28:44 ERROR log4j topic:15 - This is error logging using class org.apache.log4j.Logger
2016-05-31 02:28:44 FATAL log4j topic:16 - This is fatal logging using class org.apache.log4j.Logger
2016-05-31 02:28:44 WARN  log4j topic:17 - This is warn logging using class org.apache.log4j.Logger
2016-05-31 02:28:44 INFO  XSlf4j topic:13 - This is info logging using class org.slf4j.ext.XLogger
2016-05-31 02:28:44 ERROR XSlf4j topic:15 - This is error logging using class org.slf4j.ext.XLogger
2016-05-31 02:28:44 WARN  XSlf4j topic:16 - This is warn logging using class org.slf4j.ext.XLogger
2016-05-31 02:28:44 INFO  Slf4j topic:18 - This is info logging using class org.slf4j.impl.Log4jLoggerAdapter
2016-05-31 02:28:44 ERROR Slf4j topic:20 - This is error logging using class org.slf4j.impl.Log4jLoggerAdapter
2016-05-31 02:28:44 WARN  Slf4j topic:22 - This is warn logging using class org.slf4j.impl.Log4jLoggerAdapter
